android_wear_app/app/build/intermediates/manifest_merge_blame_file/release/processReleaseMainManifest/manifest-merger-blame-release-report.txt
1<?xml version="1.0" encoding="utf-8"?>
2<manifest xmlns:android="http://schemas.android.com/apk/res/android"
3    package="com.signsync.attendance"
4    android:versionCode="4"
5    android:versionName="1.3" >
6
7    <uses-sdk
8        android:minSdkVersion="19"
9        android:targetSdkVersion="23" />
10
11    <!-- Minimal permissions for Watch AOS 1.7.3 -->
12    <uses-permission android:name="android.permission.INTERNET" />
12-->src\main\AndroidManifest.xml:6:5-67
12-->src\main\AndroidManifest.xml:6:22-64
13    <uses-permission android:name="android.permission.ACCESS_NETWORK_STATE" />
13-->src\main\AndroidManifest.xml:7:5-79
13-->src\main\AndroidManifest.xml:7:22-76
14    <uses-permission android:name="android.permission.ACCESS_FINE_LOCATION" />
14-->src\main\AndroidManifest.xml:8:5-79
14-->src\main\AndroidManifest.xml:8:22-76
15    <uses-permission android:name="android.permission.WAKE_LOCK" />
15-->src\main\AndroidManifest.xml:9:5-68
15-->src\main\AndroidManifest.xml:9:22-65
16
17    <!-- WearOS compatibility -->
18    <uses-feature
18-->src\main\AndroidManifest.xml:12:5-89
19        android:name="android.hardware.type.watch"
19-->src\main\AndroidManifest.xml:12:19-61
20        android:required="false" />
20-->src\main\AndroidManifest.xml:12:62-86
21
22    <application
22-->src\main\AndroidManifest.xml:14:5-39:19
23        android:allowBackup="true"
23-->src\main\AndroidManifest.xml:15:9-35
24        android:appComponentFactory="androidx.core.app.CoreComponentFactory"
24-->[androidx.core:core:1.1.0] AndroidManifest.xml:24:18-86
25        android:debuggable="true"
25-->src\main\AndroidManifest.xml:19:9-34
26        android:extractNativeLibs="true"
27        android:icon="@drawable/amantin_logo"
27-->src\main\AndroidManifest.xml:16:9-46
28        android:label="@string/app_name"
28-->src\main\AndroidManifest.xml:17:9-41
29        android:theme="@android:style/Theme.Holo" >
29-->src\main\AndroidManifest.xml:18:9-50
30        <activity
30-->src\main\AndroidManifest.xml:22:9-30:20
31            android:name="com.signsync.attendance.MainActivity"
31-->src\main\AndroidManifest.xml:23:13-41
32            android:exported="true"
32-->src\main\AndroidManifest.xml:24:13-36
33            android:label="@string/app_name" >
33-->src\main\AndroidManifest.xml:25:13-45
34            <intent-filter>
34-->src\main\AndroidManifest.xml:26:13-29:29
35                <action android:name="android.intent.action.MAIN" />
35-->src\main\AndroidManifest.xml:27:17-69
35-->src\main\AndroidManifest.xml:27:25-66
36
37                <category android:name="android.intent.category.LAUNCHER" />
37-->src\main\AndroidManifest.xml:28:17-77
37-->src\main\AndroidManifest.xml:28:27-74
38            </intent-filter>
39        </activity>
40
41        <!-- Test activity for installation verification -->
42        <activity
42-->src\main\AndroidManifest.xml:33:9-37:20
43            android:name="com.signsync.attendance.TestActivity"
43-->src\main\AndroidManifest.xml:34:13-41
44            android:exported="true"
44-->src\main\AndroidManifest.xml:35:13-36
45            android:label="SignSync Test" >
45-->src\main\AndroidManifest.xml:36:13-42
46        </activity>
47    </application>
48
49</manifest>